2022-01-28 00:58:42,905 - 	INFO - logger_util.py - log_info - 36 - Hi there!
2022-01-28 01:01:02,965 - 	INFO - main.py - final_fn - 25 - Hi there!
2022-01-29 13:51:29,313 - 	INFO - main.py - final_fn - 26 - Hi there!
2022-01-29 14:01:03,127 - 	INFO - main.py - final_fn - 26 - Hi there!
2022-01-29 14:10:28,066 - 	INFO - main.py - final_fn - 27 - Hi there!
2022-01-29 14:48:28,578 - 	INFO - main.py - final_fn - 28 - Hi there!
2022-01-29 14:48:30,596 - 	INFO - main.py - final_fn - 28 - Hi there!
2022-01-29 14:48:30,596 - 	INFO - main.py - final_fn - 28 - Hi there!
2022-01-29 14:54:49,402 - 	INFO - main.py - final_fn - 29 - Hi there!
2022-01-29 14:57:22,946 - 	INFO - main.py - final_fn - 29 - Hi there!
2022-01-29 14:58:10,036 - 	INFO - main.py - final_fn - 29 - Hi there!
2022-01-29 14:58:56,125 - 	INFO - main.py - final_fn - 29 - Hi there!
2022-01-29 15:01:13,904 - 	INFO - main.py - final_fn - 29 - Hi there!
2022-01-29 15:03:46,188 - 	INFO - main.py - final_fn - 29 - Hi there!
2022-01-29 15:07:45,627 - 	INFO - main.py - final_fn - 29 - Hi there!
2022-01-29 15:08:12,185 - 	INFO - main.py - final_fn - 29 - Hi there!
2022-01-29 15:08:12,185 - 	INFO - main.py - final_fn - 29 - Hi there!
2022-01-29 15:33:24,106 - 	INFO - main.py - final_fn - 29 - Hi there!
2022-01-29 17:29:06,040 - 	INFO - main_app.py - <module> - 62 - Starting the app!
2022-01-29 17:33:30,962 - 	INFO - main.py - <module> - 62 - Starting the app!
2022-01-29 17:54:19,516 - 	INFO - main.py - <module> - 62 - Starting the app!
2022-01-29 17:54:19,516 - 	INFO - main.py - <module> - 62 - Starting the app!
2022-01-29 18:00:53,284 - 	INFO - main.py - <module> - 62 - Starting the app!
2022-01-29 18:00:53,284 - 	INFO - main.py - <module> - 62 - Starting the app!
2022-01-29 18:01:01,660 - 	INFO - file_listing.py - pdf_merger - 32 - No pdf files are present.
2022-01-29 18:01:01,660 - 	INFO - file_listing.py - pdf_merger - 32 - No pdf files are present.
2022-01-29 18:02:45,715 - 	INFO - main.py - <module> - 62 - Starting the app!
2022-01-29 18:02:45,715 - 	INFO - main.py - <module> - 62 - Starting the app!
2022-01-29 18:03:29,419 - 	INFO - main.py - <module> - 62 - Starting the app!
2022-01-29 18:03:29,419 - 	INFO - main.py - <module> - 62 - Starting the app!
2022-01-29 18:03:47,435 - 	INFO - file_listing.py - pdf_merger - 47 - pdf files merged successfully at D:\Game Installation Files\It Takes Two [FitGirl Repack]\merged.pdf
2022-01-29 18:03:47,435 - 	INFO - file_listing.py - pdf_merger - 47 - pdf files merged successfully at D:\Game Installation Files\It Takes Two [FitGirl Repack]\merged.pdf
2022-01-29 18:05:56,553 - 	INFO - main.py - <module> - 62 - Starting the app!
2022-01-29 18:05:56,553 - 	INFO - main.py - <module> - 62 - Starting the app!
2022-01-29 18:08:03,784 - 	INFO - main.py - <module> - 62 - Starting the app!
2022-01-29 18:10:46,128 - 	INFO - main.py - <module> - 62 - Starting the app!
2022-01-29 18:11:19,617 - 	INFO - file_listing.py - pdf_merger - 32 - No pdf files are present.
2022-01-29 18:11:37,147 - 	INFO - file_listing.py - pdf_merger - 47 - pdf files merged successfully at D:\Game Installation Files\It Takes Two [FitGirl Repack]\merged.pdf
2022-01-29 18:13:13,607 - 	INFO - main.py - <module> - 62 - Starting the app!
2022-01-29 18:13:34,950 - 	ERROR - file_listing.py - get_pdf_files_path - 19 - Error occured while getting pdf file paths.
Traceback (most recent call last):
  File "D:\Projects\pdf-merger-gui\file_listing.py", line 14, in get_pdf_files_path
    files=os.listdir(path)
FileNotFoundError: [WinError 3] The system cannot find the path specified: 'D:\\Game Installation Files\\It Takes Two [FitGirl Repack]\\hello'
2022-01-29 18:15:51,703 - 	INFO - main.py - <module> - 62 - Starting the app!
2022-01-29 18:15:58,781 - 	ERROR - file_listing.py - get_pdf_files_path - 19 - Error occured while getting pdf file paths.
Traceback (most recent call last):
  File "D:\Projects\pdf-merger-gui\file_listing.py", line 14, in get_pdf_files_path
    files=os.listdir(path)
FileNotFoundError: [WinError 3] The system cannot find the path specified: 'D:\\Game Installation Files\\It Takes Two [FitGirl Repack]\\hello'
2022-01-29 19:31:17,010 - 	INFO - main.py - <module> - 62 - Starting the app!
2022-01-29 19:31:32,297 - 	INFO - file_listing.py - pdf_merger - 29 - No pdf files are present.
